[   .0000]nialzi cro subsycpet
   00000] itlizi cou subsyspu
[   0.0000 Iitiazi cgrp bss cpcc
[    0.0000]inux version 4.4.0-47-generic(bldd@lc013)(gcc version 5.4.0 20160609(Uunu .4.0-6uun1~16.02) #68-Ubuntu SMP Wed Oct 26 19:39:52 UTC 2016 (Ubuntu 4.4.0-47.68-generic 4.4.24)
[    0.000000] Command line: BOOT_IMAGE=/boot/vmlinuz-4.4.0-47-generic root=LABEL=cloudimg-rootfs ro console=tty1 console=ttyS0
[    0.000000] KERNEL supported cpus:
[    0.000000]   Intel GenuineIntel
[    0.000000]   AMD AuthenticAMD
[    0.000000]   Centaur CenturHas[    00000] 6/u:xstateffet[2  6, xstate_sizes[2]:  256
[    0.000000] x86/fpu: Supporting XSAVE feature 0x01: 'x87 floating point registers'
[    0.000000] x86/fpu: Supporting XSAVE feature 0x02: 'SSE registers'
[    0.000000] x86/fpu: Supporting XSAVE feature 0x04: 'AVX registers'
[    0.000000] x86/fpu: Enabled xstate features 0x7, context size is 832 bytes, using 'standard' format.
[    0.000000] x86/fpu: Using 'lazy' FPU context switches.
[    0.000000] e820: BIOS-provided physical RAM map:
[    0.000000] BIOS-e820: [mem 0x0000000000000000-0x000000000009fbff] usabl
[  0.0000BIOS82 [emx0000000fc-000000009ff] seved
[   00000]IOe820: [memx000000000f0000x0000000fff resve
[    0.000000] BIOS-e820: [mem 0x0000000000100000-0x000000001ffeffff] usable
[    0.000000] BIOS-e820: [mem 0x000000001fff0000-0x000000001fffffff] ACPI data
[    0.000000] BIOS-e820: [mem 0x00000000fec00000-0x00000000fec00fff] reserved
[    0.000000] BIOS-e820: [mem 0x00000000fee00000-0x00000000fee00fff] reserved
[    0.000000] BIOS-e820: [mem 0x00000000fffc0000-0x00000000ffffffff] reserved
[    0.000000] NX (Execute Disable) protection: active
[    0.000000] SMBIOS 2.5 present.
[    0.000000] Hypervisor detected: KVM
[    0.000000] e820: last_pfn = 0x1fff0 max_arch_pfn = 0x400000000
[    0.000000] MTRR: Disabled
[    0.000000] x86/PAT: MTRRs disabled, skipping PAT initialaton too
[   0.00000 x86ATCofiguraon0-7]WBWT UC- U W WT C-C 
[   .0000]PUTRs l an - vrtlied system.
   0.000 fou S M-tab a[memx09ff0-000fff]apd t [fff88009fff0][   0.00] Scni 1areas folow mo crrupon
[    0000] MDK:[mem 0ef000-1fdff]
[   0.00000] AI:arlyab cecks vificiodiable
[   .00000 AI: RP 00000000000 000024 (v02 VBOX  )
[    0.000000] ACPI: XSDT 0x000000001FFF0030 00003C (v01 VBOX   VBOXXSDT 00000001 ASL  00000061)
[    0.000000] ACPI: FACP 0x000000001FFF00F0 0000F4 (v04 VBOX   VBOXFACP 00000001 ASL  00000061)
[    0.000000] ACPI: DSDT 0x000000001FFF0470 00210E (v01 VBOX   VBOXBIOS 00000002 INTL 20160422)
[    0.000000] ACPI: FACS 0x000000001FFF0200 000040
[    0.00000] CP: FACSx00000FF200 00
    0000 ACPI:PI0x00001FF0240 00C (v0VB   VXAIC 000000 A  000006
   0.000 ACPI: ST x00000FFF00 01C (v01BO  VBCPT 000002 INTL 20160422)
[    0000] No NUMA configuration found
[    0.000000] Faking a node at [mem 0x0000000000000000-0x000000001ffeffff]
[    0.000000] NODE_DATA(0) allocated [mem 0x1ffeb000-0x1ffeffff]
[    0.000000] kvm-clock: Using msrs 4b564d01 and 4b564d00
[    0.000000] kvm-clock: cpu 0, msr 0:1ffe7001, primary cpu clock
[    0.000000] kvm-clock: using sched offset of 3233974380 cycles
[    0.000000] clocksource: kvm-clock: mask: 0xffffffffffffffff max_cycles: 0x1cd42e4dffb, max_idle_ns: 881590591483 ns
[    0.000000] Zone ranges:
[    0.000000]   DMA      [mem 0x0000000000001000-0x0000000000ffffff]
[    0.000000]   DMA32    [mem 0x0000000001000000-0x000000001ffeffff]
[    0.000000]   Normal   empty
[    0.000000]   Device   empty
[    0.000000] Movable zone start for each node
[    0.000000] Early memory node ranges
[    0.000000]   node   0: [mem 0x0000000000001000-0x000000000009efff]
[    0.000000]   node   0: [mem 0x0000000000100000-0x000000001ffeffff]
[    0.000000] Initmem setup node 0 [mem 0x0000000000001000-0x000000001ffeffff]
[    0.000000] ACPI: PM-Timer IO Port: 0x4008
[    0.000000] IOAPIC[0]: apic_id 2, version 32, address 0xfec00000, GSI 0-23
[    0.000000] ACPI: INT_SRC_OVR (bus 0 bus_irq 0 global_irq 2 dfl dfl)
[    0.000000] ACPI: INT_SRC_OVR (bus 0 bus_irq 9 global_irq  hgh lel)
[  00000 UngACPI (MADTfoSMP confurio inforatn
[  00000] spbt:Allowing Cs, 0 hotugPU
[    0.00] M: Regisrenosa mor: [mem0x00000-0x000f]
  0.0000PMReistered noveemory: me0x009f000-0x0009ffff]
[    0.000000] PM: Registered nosave memory: [mem 0x000a0000-0x000effff]
[    0.000000] PM: Registered nosave memory: [mem 0x000f0000-0x000fffff]
[    0.000000] e820: [mem 0x20000000-0xfebfffff] available for PCI devices
[    0.000000] Booting paravirtualized kernel on KVM
[    0.000000] clocksource: refined-jiffies: mask: 0xffffffff max_cycles: 0xffffffff, max_idle_ns: 7645519600211568 ns
[    0.000000] setup_percpu: NR_CPUS:256 nr_cpumask_bits:256 nr_cpu_ids:2 nr_node_ids:1
[    0.000000] PERCPU: Embedded 33 pages/cpu @ffff88001fc00000 s98008 r8192 d28968 u1048576
[    0.000000] PV qspinlock hash table entries: 256 (order: 0, 4096 bytes)
[    0.000000] Built 1 zonelists in Node order, mobility grouping on.  Total pages: 128889
[    0.000000] Policy zone: DMA32
[    0.000000] Kernel command line: BOOT_IMAGE=/boot/vmlinuz-4.4.0-47-generic root=LABEL=cloudimg-rootfs ro console=tty1 console=ttyS0
[    0.000000] PID hash table entries: 2048 (order: 2, 16384 bytes)
[    0.000000] Memory: 488288K/523832K available (8423K kernel code, 1285K rwdata, 3952K rodata, 1480K init, 1292K bss, 35544K reserved, 0K cma-reserved)
[    0.000000] SLUB: HWalign=64, Order=0-3, MinObjects=0, CPUs=2, Nodes=1
[    0.000000] Hierarchical RCU implementation.
[    0.000000] 	Build-time adjustment of leaf fanout to 64.
[    0.000000] 	RCU restricting CPUs from NR_CPUS=256 to nr_cpu_ids=2.
[    0.000000] RCU: Adjusting geometry for rcu_fanout_leaf=64, nr_cpu_ids=2
[    0.000000] NR_IRQS:16640 nr_irqs:440 16
[    0.000000] Console: colour VGA+ 80x25
[    0.000000] console [tty1] enabled
[    0.000000] console [ttyS0] enabled
[    0.000000] tsc: Detected 2394.442 MHz processor
[    6.329919] Calibrating delay loop (skipped) preset value.. 4788.88 BogoMIPS (lpj=9577768)
[    6.332154] pid_max: default: 32768 minimum: 301
[    6.332785] ACPI: Core revision 20150930
[    6.334183] ACPI: 2 ACPI AML tables successfully acquired and loaded
[    6.335093] Security Framework initialized
[    6.335679] Yama: becoming mindful.
[    6.336217] AppArmor: AppArmor initialized
[    6.336842] Dentry cache hash table entries: 65536 (order: 7, 524288 bytes)
[    6.342697] Inode-cache hash table entries: 32768 (order: 6, 262144 bytes)
[    6.343568] Mount-cache hash table entries: 1024 (order: 1, 8192 bytes)
[    6.344382] Mountpoint-cache hash table entries: 1024 (order: 1, 8192 bytes)
[    6.345366] Initializing cgroup subsys io
[    6.345953] Initializing cgroup subsys memory
[    6.346570] Initializing cgroup subsys devices
[    6.347187] Initializing cgroup subsys freezer
[    6.347800] Initializing cgroup subsys net_cls
[    6.348414] Initializing cgroup subsys perf_event
[    6.349054] Initializing cgroup subsys net_prio
[    6.349697] Initializing cgroup subsys hugetlb
[    6.350318] Initializing cgroup subsys pids
[    6.350970] CPU: Physical Processor ID: 0
[    6.352592] CPU: Processor Core ID: 0
[    6.353913] mce: CPU supports 0 MCE banks
[    6.458139] Last level iTLB entries: 4KB 1024, 2MB 1024, 4MB 1024
[    6.638220] Last level dTLB entries: 4KB 1024, 2MB 1024, 4MB 1024, 1GB 4
[    6.790072] Freeing SMP alternatives memory: 32K (ffffffff820b5000 - ffffffff820bd000)
[    6.834976] ftrace: allocating 32047 entries in 126 pages
[    6.945998] smpboot: Max logical packages: 1
[    6.999327] smpboot: APIC(0) Converting physical 0 to logical package 0
[    7.033015] x2apic enabled
[    7.033668] Switched APIC routing to physical x2apic.
[    7.134684] ..TIMER: vector=0x30 apic1=0 pin1=2 apic2=-1 pin2=-1
[    7.393600] smpboot: CPU0: Intel(R) Core(TM) i7-4700HQ CPU @ 2.40GHz (family: 0x6, model: 0x3c, stepping: 0x3)
[    7.675827] Performance Events: unsupported p6 CPU model 60 no PMU driver, software events only.
[    7.931477] KVM setup paravirtual spinlock
[    8.056253] x86: Booting SMP configuration:
[    8.175757] .... node  #0, CPUs:      #1
[    8.279495] kvm-clock: cpu 1, msr 0:1ffe7041, secondary cpu clock
[    8.363246] mce: CPU supports 0 MCE banks
[    8.365735] x86: Booted up 1 node, 2 CPUs
[    8.366672] smpboot: Total of 2 processors activated (9577.76 BogoMIPS)
[    8.367783] devtmpfs: initialized
[    8.450779] evm: security.selinux
[    8.542651] evm: security.SMACK64
[    8.640666] evm: security.SMACK64EXEC
[    8.686767] evm: security.SMACK64TRANSMUTE
[    8.687356] evm: security.SMACK64MMAP
[    8.687890] evm: security.ima
[    8.688362] evm: security.capability
[    8.689110] clocksource: jiffies: mask: 0xffffffff max_cycles: 0xffffffff, max_idle_ns: 7645041785100000 ns
[    8.852550] pinctrl core: initialized pinctrl subsystem
[    8.962405] RTC time:  2:28:39, date: 11/14/16
[    9.080336] NET: Registered protocol family 16
[    9.221428] cpuidle: using governor ladder
[    9.349509] cpuidle: using governor menu
[    9.405594] PCCT header not found.
[    9.425900] ACPI: bus type PCI registered
[    9.426481] acpiphp: ACPI Hot Plug PCI Controller Driver version: 0.5
[    9.589931] PCI: Using configuration type 1 for base access
[    9.738238] ACPI: Added _OSI(Module Device)
[    9.860491] ACPI: Added _OSI(Processor Device)
[    9.955960] ACPI: Added _OSI(3.0 _SCP Extensions)
[    9.956600] ACPI: Added _OSI(Processor Aggregator Device)
[    9.957869] ACPI: Executed 1 blocks of module-level executable AML code
[    9.960300] ACPI: Interpreter enabled
[    9.960851] ACPI: (supports S0 S5)
[    9.961365] ACPI: Using IOAPIC for interrupt routing
[    9.962161] PCI: Using host bridge windows from ACPI; if necessary, use "pci=nocrs" and report a bug
[    9.966030] ACPI: PCI Root Bridge [PCI0] (domain 0000 [bus 00-ff])
[   10.108390] acpi PNP0A03:00: _OSC: OS supports [ASPM ClockPM Segments MSI]
[   10.146250] acpi PNP0A03:00: _OSC failed (AE_NOT_FOUND); disabling ASPM
[   10.152350] acpi PNP0A03:00: fail to add MMCONFIG information, can't access extended PCI configuration space under this bridge.
[   10.154004] PCI host bridge to bus 0000:00
[   10.154595] pci_bus 0000:00: root bus resource [io  0x0000-0x0cf7 window]
[   10.155412] pci_bus 0000:00: root bus resource [io  0x0d00-0xffff window]
[   10.156230] pci_bus 0000:00: root bus resource [mem 0x000a0000-0x000bffff window]
[   10.157279] pci_bus 0000:00: root bus resource [mem 0x20000000-0xffdfffff window]
[   10.203058] pci_bus 0000:00: root bus resource [bus 00-ff]
[   10.204846] pci 0000:00:01.1: legacy IDE quirk: reg 0x10: [io  0x01f0-0x01f7]
[   10.205707] pci 0000:00:01.1: legacy IDE quirk: reg 0x14: [io  0x03f6]
[   10.206503] pci 0000:00:01.1: legacy IDE quirk: reg 0x18: [io  0x0170-0x0177]
[   10.207353] pci 0000:00:01.1: legacy IDE quirk: reg 0x1c: [io  0x0376]
[   10.222231] pci 0000:00:07.0: quirk: [io  0x4000-0x403f] claimed by PIIX4 ACPI
[   10.262220] pci 0000:00:07.0: quirk: [io  0x4100-0x410f] claimed by PIIX4 SMB
[   10.436251] ACPI: PCI Interrupt Link [LNKA] (IRQs 5 9 10 *11)
[   10.450572] ACPI: PCI Interrupt Link [LNKB] (IRQs 5 9 10 *11)
[   10.459498] ACPI: PCI Interrupt Link [LNKC] (IRQs 5 9 *10 11)
[   10.559192] ACPI: PCI Interrupt Link [LNKD] (IRQs 5 *9 10 11)
[   10.667068] ACPI: Enabled 2 GPEs in block 00 to 07
[   10.806012] vgaarb: setting as boot device: PCI:0000:00:02.0
[   10.975128] vgaarb: device added: PCI:0000:00:02.0,decodes=io+mem,owns=io+mem,locks=none
[   11.073496] vgaarb: loaded
[   11.124844] vgaarb: bridge control possible 0000:00:02.0
[   11.230892] SCSI subsystem initialized
[   11.233825] ACPI: bus type USB registered
[   11.238220] usbcore: registered new interface driver usbfs
[   11.238938] usbcore: registered new interface driver hub
[   11.239641] usbcore: registered new device driver usb
[   11.240520] PCI: Using ACPI for IRQ routing
[   11.241339] NetLabel: Initializing
[   11.241866] NetLabel:  domain hash size = 128
[   11.242491] NetLabel:  protocols = UNLABELED CIPSOv4
[   11.243156] NetLabel:  unlabeled traffic allowed by default
[   11.252396] amd_nb: Cannot enumerate AMD northbridges
[   11.299480] clocksource: Switched to clocksource kvm-clock
[   11.307021] AppArmor: AppArmor Filesystem Enabled
[  1.3302]pn: nPCP iit
[  1.653250] pnp: PnP ACPI: found 3 devices

[  11.702720] clocksource: acpi_pm: mask: 0xffffff max_cycles: 0xffffff, max_idle_ns: 2085701024 ns
[  11.724509] NET: Registered protocol family 2
[   11.757403] TCP established hash table entries: 4096 (order: 3, 32768 bytes)
[   11.762297] TCP bind hash table entries: 4096 (order: 4, 65536 bytes)
[   11.763251] TCP: Hash tables configured (established 4096 bind 4096)
[   11.764235] UDP hash table entries: 256 (order: 1, 8192 bytes)
[   11.765135] UDP-Lite hash table entries: 256 (order: 1, 8192 bytes)
[  1.7617]NE: egstered protocol family 1
[  11.932664] pci 0000:00:00.0: Limiting direct PCI/PCI transfers
[   11.954442] pci 0000:00:01.0: Activating ISA DMA hang workarounds
[  1.9543]ryngtounack rootfs image as initramfs...

[   332288932] Freeing initrd memory: 8264K (ffff88001ef5c000 - ffff88001f76e000)
[   13.512150] RAPL PMU detected, API unit is 2^-32 Joules, 4 fixed counters 10737418240 ms ovfl timer
[   14.391999] hw unit of domain pp0-core 2^-0 Joules
[   14.751789] hw unit of domain package 2^-0 Joules
[   15.081783] hw unit of domain dram 2^-0 Joules
[   15.181973] hw unit of domain pp1-gpu 2^-0 Joules
[   15.182706] platform rtc_cmos: registered platform RTC device (no PNP device found)
[   15.183811] Scanning for low memory corruption every 60 seconds
[   15.184981] futex hash table entries: 512 (order: 3, 32768 bytes)
[   15.185771] audit: initializing netlink subsys (disabled)
[   15.186481] audit: type=2000 audit(1479090519.145:1): initialized
[   15.187482] Initialise system trusted keyring
[   15.188346] HugeTLB registered 2 MB page size, pre-allocated 0 pages
[   15.190320] zbud: loaded
[   15.190999] VFS: Disk quotas dquot_6.6.0
[   15.191603] VFS: Dquot-cache hash table entries: 512 (order 0, 4096 bytes)
[   15.192664] squashfs: version 4.0 (2009/01/31) Phillip Lougher
[   15.193662] fuse init (API version 7.23)
[   15.194341] Key type big_key registered
[   15.194920] Allocating IMA MOK and blacklist keyrings.
[   15.196144] Key type asymmetric registered
[   15.196731] Asymmetric key parser 'x509' registered
[   15.197412] Block layer SCSI generic (bsg) driver version 0.4 loaded (major 249)
[   15.198485] io scheduler noop registered
[   15.199061] io scheduler deadline registered (default)
[   15.199762] io scheduler cfq registered
[   15.200426] pci_hotplug: PCI Hot Plug PCI Core version: 0.5
[   15.201149] pciehp: PCI Express Hot Plug Controller Driver version: 0.4
[   15.202070] ACPI: AC Adapter [AC] (on-line)
[   15.202712] input: Power Button as /devices/LNXSYSTM:00/LNXPWRBN:00/input/input0
[   15.203762] ACPI: Power Button [PWRF]
[   15.204365] input: Sleep Button as /devices/LNXSYSTM:00/LNXSLPBN:00/input/input1
[   15.205411] ACPI: Sleep Button [SLPF]
[   15.206104] GHES: HEST is not enabled!
[   15.207168] ACPI: Battery Slot [BAT0] (battery present)
[   15.207907] Serial: 8250/16550 driver, 32 ports, IRQ sharing enabled
[   15.229932] 00:02: ttyS0 at I/O 0x3f8 (irq = 4, base_baud = 115200) is a 16550A
[   15.232902] Linux agpgart interface v0.103
[   15.235486] brd: module loaded
[   15.236912] loop: module loaded
[   15.237848] scsi host0: ata_piix
[   15.238492] scsi host1: ata_piix
[   15.239030] ata1: PATA max UDMA/33 cmd 0x1f0 ctl 0x3f6 bmdma 0xd000 irq 14
[   15.239880] ata2: PATA max UDMA/33 cmd 0x170 ctl 0x376 bmdma 0xd008 irq 15
[   15.241117] libphy: Fixed MDIO Bus: probed
[   15.241717] tun: Universal TUN/TAP device driver, 1.6
[   15.245648] tun: (C) 1999-2004 Max Krasnyansky <maxk@qualcomm.com>
[   15.246452] PPP generic driver version 2.4.2
[   15.247107] ehci_hcd: USB 2.0 'Enhanced' Host Controller (EHCI) Driver
[   15.247941] ehci-pci: EHCI PCI platform driver
[   15.248570] ehci-platform: EHCI generic platform driver
[   15.249261] ohci_hcd: USB 1.1 'Open' Host Controller (OHCI) Driver
[   15.251903] ohci-pci: OHCI PCI platform driver
[   15.252524] ohci-platform: OHCI generic platform driver
[   15.253213] uhci_hcd: USB Universal Host Controller Interface driver
[   15.254045] i8042: PNP: PS/2 Controller [PNP0303:PS2K,PNP0f03:PS2M] at 0x60,0x64 irq 1,12
[   15.255583] serio: i8042 KBD port at 0x60,0x64 irq 1
[   15.256263] serio: i8042 AUX port at 0x60,0x64 irq 12
[   15.257017] mousedev: PS/2 mouse device common for all mice
[   15.258052] rtc_cmos rtc_cmos: rtc core: registered rtc_cmos as rtc0
[   15.258914] rtc_cmos rtc_cmos: alarms up to one day, 114 bytes nvram
[   15.259741] input: AT Translated Set 2 keyboard as /devices/platform/i8042/serio0/input/input2
[   15.260981] i2c /dev entries driver
[   15.261565] device-mapper: uevent: version 1.0.3
[   15.262274] device-mapper: ioctl: 4.34.0-ioctl (2015-10-28) initialised: dm-devel@redhat.com
[   15.263424] ledtrig-cpu: registered to indicate activity on CPUs
[   15.264652] NET: Registered protocol family 10
[   15.265402] NET: Registered protocol family 17
[   15.269019] Key type dns_resolver registered
[   15.281291] microcode: CPU0 sig=0x306c3, pf=0x40, revision=0x0
[   15.282067] microcode: CPU1 sig=0x306c3, pf=0x40, revision=0x0
[   15.282884] microcode: Microcode Update Driver: v2.01 <tigran@aivazian.fsnet.co.uk>, Peter Oruba
[   15.284395] registered taskstats version 1
[   15.284999] Loading compiled-in X.509 certificates
[   15.288707] Loaded X.509 cert 'Build time autogenerated kernel key: f7bc719d96df7c6d6fed8f4b9fd5d4ff001383c8'
[   15.289992] zswap: loaded using pool lzo/zbud
[   15.292189] Key type trusted registered
[   15.298625] Key type encrypted registered
[   15.299249] AppArmor: AppArmor sha1 policy hashing enabled
[   15.299992] ima: No TPM chip found, activating TPM-bypass!
[   15.300709] evm: HMAC attrs: 0x1
[   15.301466]   Magic number: 8:218:460
[   15.302105] rtc_cmos rtc_cmos: setting system clock to 2016-11-14 02:28:45 UTC (1479090525)
[   15.304737] BIOS EDD facility v0.16 2004-Jun-25, 0 devices found
[   15.305488] EDD information not available.
[   15.396785] Freeing unused kernel memory: 1480K (ffffffff81f43000 - ffffffff820b5000)
[   15.782046] Write protecting the kernel read-only data: 14336k
[   16.179716] tsc: Refined TSC clocksource calibration: 2395.007 MHz
[   16.179719] clocksource: tsc: mask: 0xffffffffffffffff max_cycles: 0x2285caee3bc, max_idle_ns: 440795304039 ns
[   16.537879] Freeing unused kernel memory: 1804K (ffff88000183d000 - ffff880001a00000)
[   16.539710] Freeing unused kernel memory: 144K (ffff880001ddc000 - ffff880001e00000)
Loading, please wait...
starting version[   16.555207] random: systemd-udevd: uninitialized urandom read (16 bytes read, 3 bits of entropy available)
 229
[   16.557543] random: systemd-udevd: uninitialized urandom read (16 bytes read, 3 bits of entropy available)
[   16.558347] random: udevadm: uninitialized urandom read (16 bytes read, 3 bits of entropy available)
[   16.558378] random: udevadm: uninitialized urandom read (16 bytes read, 3 bits of entropy available)
[   16.558476] random: udevadm: uninitialized urandom read (16 bytes read, 3 bits of entropy available)
[   16.558513] random: udevadm: uninitialized urandom read (16 bytes read, 3 bits of entropy available)
[   16.558547] random: udevadm: uninitialized urandom read (16 bytes read, 3 bits of entropy available)
[   16.558582] random: udevadm: uninitialized urandom read (16 bytes read, 3 bits of entropy available)
[   16.558616] random: udevadm: uninitialized urandom read (16 bytes read, 3 bits of entropy available)
[   16.558649] random: udevadm: uninitialized urandom read (16 bytes read, 3 bits of entropy available)
[   17.573147] Fusion MPT base driver 3.04.20
[   17.724402] Copyright (c) 1999-2008 LSI Corporation
[   17.834644] Fusion MPT SPI Host driver 3.04.20
[   18.031283] e1000: Intel(R) PRO/1000 Network Driver - version 7.3.21-k8-NAPI
[   18.287967] e1000: Copyright (c) 1999-2006 Intel Corporation.
[   18.289039] input: ImExPS/2 Generic Explorer Mouse as /devices/platform/i8042/serio1/input/input4
[   18.302892] mptbase: ioc0: Initiating bringup
[   18.306947] AVX version of gcm_enc/dec engaged.
[   18.427674] AES CTR mode by8 optimization enabled
[   18.627745] ioc0: LSI53C1030 A0: Capabilities={Initiator}
[   19.261483] scsi host2: ioc0: LSI53C1030 A0, FwRev=00000000h, Ports=1, MaxQ=256, IRQ=20
[   20.096002] scsi 2:0:0:0: Direct-Access     VBOX     HARDDISK         1.0  PQ: 0 ANSI: 5
[   20.176734] scsi target2:0:0: Beginning Domain Validation
[   20.178126] scsi target2:0:0: Domain Validation skipping write tests
[   20.351597] scsi target2:0:0: Ending Domain Validation
[   20.426092] e1000 0000:00:03.0 eth0: (PCI:33MHz:32-bit) 02:d0:b0:43:c2:9f
[   20.426096] e1000 0000:00:03.0 eth0: Intel(R) PRO/1000 Network Connection
[   20.754254] e1000 0000:00:08.0 eth1: (PCI:33MHz:32-bit) 08:00:27:b1:5f:3d
[   20.754256] e1000 0000:00:08.0 eth1: Intel(R) PRO/1000 Network Connection
[   22.162315] floppy0: no floppy controllers found
[   22.162397] scsi target2:0:0: asynchronous
[   22.163049] scsi 2:0:1:0: Direct-Access     VBOX     HARDDISK         1.0  PQ: 0 ANSI: 5
[   22.163053] scsi target2:0:1: Beginning Domain Validation
[   22.163556] scsi target2:0:1: Domain Validation skipping write tests
[   22.163556] scsi target2:0:1: Ending Domain Validation
[   22.163582] scsi target2:0:1: asynchronous
[   22.962531] e1000 0000:00:08.0 enp0s8: renamed from eth1
[   24.925808] sd 2:0:0:0: Attached scsi generic sg0 type 0
[   24.933527] sd 2:0:0:0: [sda] 20971520 512-byte logical blocks: (10.7 GB/10.0 GiB)
[   24.940538] e1000 0000:00:03.0 enp0s3: renamed from eth0
[   24.969770] sd 2:0:0:0: [sda] Write Protect is off
[   24.988108] sd 2:0:1:0: Attached scsi generic sg1 type 0
[   25.156815] sd 2:0:1:0: [sdb] 20480 512-byte logical blocks: (10.5 MB/10.0 MiB)
[   25.265327] sd 2:0:0:0: [sda] Incomplete mode parameter data
[   25.265428] sd 2:0:1:0: [sdb] Write Protect is off
[   25.265478] sd 2:0:1:0: [sdb] Incomplete mode parameter data
[   25.265479] sd 2:0:1:0: [sdb] Assuming drive cache: write through
[   25.446773] sd 2:0:1:0: [sdb] Attached SCSI disk
[   25.464092] sd 2:0:0:0: [sda] Assuming drive cache: write through
[   25.479785]  sda: sda1
[   25.486018] sd 2:0:0:0: [sda] Attached SCSI disk
Begin: Loading e[   26.830758] md: linear personality registered for level -1
ssential drivers[   26.954793] md: multipath personality registered for level -4
 ... [   26.974627] md: raid0 personality registered for level 0
[   26.977460] md: raid1 personality registered for level 1
[   27.062010] raid6: sse2x1   gen() 11401 MB/s
[   27.172019] raid6: sse2x1   xor()  8202 MB/s
[   27.262000] raid6: sse2x2   gen() 13693 MB/s
[   27.340546] raid6: sse2x2   xor()  8876 MB/s
[   27.412015] raid6: sse2x4   gen() 16463 MB/s
[   27.482007] raid6: sse2x4   xor() 10995 MB/s
[   27.482784] raid6: using algorithm sse2x4 gen() 16463 MB/s
[   27.483624] raid6: .... xor() 10995 MB/s, rmw enabled
[   27.484461] raid6: using ssse3x2 recovery algorithm
[   27.486556] xor: automatically using best checksumming function:
[   27.583491]    avx       : 19954.000 MB/sec
[   27.660499] async_tx: api initialized (async)
[   27.774526] md: raid6 personality registered for level 6
[   27.907985] md: raid5 personality registered for level 5
[   28.066781] md: raid4 personality registered for level 4
[   28.199706] md: raid10 personality registered for level 10
done.
Begin: Running /scripts/init-premount ... done.
Begin: Mounting [   28.230346] Btrfs loaded
root file system ... Begin: Running /scripts/local-top ... done.
Begin: Running /scripts/local-premount ... Scanning for Btrfs filesystems
done.
Warning: fsck not present, so skipping root file system
[   28.591384] EXT4-fs (sda1): mounted filesystem with ordered data mode. Opts: (null)
done.
Begin: Running /scripts/local-bottom ... done.
Begin: Running /scripts/init-bottom ... Warning: overlayroot: debug is busted
done.
[   29.253713] systemd[1]: systemd 229 running in system mode. (+PAM +AUDIT +SELINUX +IMA +APPARMOR +SMACK +SYSVINIT +UTMP +LIBCRYPTSETUP +GCRYPT +GNUTLS +ACL +XZ -LZ4 +SECCOMP +BLKID +ELFUTILS +KMOD -IDN)
[   29.262386] systemd[1]: Detected virtualization oracle.
[   29.263122] systemd[1]: Detected architecture x86-64.

Welcome to [1mUbuntu 16.04.1 LTS[0m!

[ 29045]ysmd1]: Set hostname to <ubuntu>.
[   9.97] std[: itling machine ID from random generator.
[   30.263722] systemd[1]: Installed transient /etc/machine-id file.
[   30.396824] random: nonblocking pool is initialized
[   31.750355] systemd[1]: Listening on Device-mapper event daemon FIFOs.
[[0;32m  OK  [0m] Listening on Device-mapper event daemon FIFOs.
[ 32392]ysmd]:isni o Journal Socket (/dev/log).
[[0;32m  OK  [0m] Listening on Journal Socket (/dev/log).
[   32.815808] ste[1 Rch tgeSwap.
[[0;32m  OK  [0m] Reached target Swap.
[ 33627]ysmd]:isnig on /dev/initctl Compatibility Named Pipe.
[[0;32m  OK  [0m] Listening on /dev/initctl Compatibility Named Pipe.
[ 33631]ysmd]:eahed target Encrypted Volumes.
[[0;32m  OK  [0m] Reached target Encrypted Volumes.
[   34.335917] systemd[1]: Started Forward Password Requests to Wall Directory Watch.
[[0;32m  OK  [0m] Started Forward Password Requests to Wall Directory Watch.
[   34.488365] systemd[1]: Reached target User and Group Name Lookups.
[[0;32m  OK  [0m] Reached target User and Group Name Lookups.
[   34.490052] systemd[1]: Listening on Journal Audit Socket.
[[0;32m  OK  [0m] Listening on Journal Audit Socket.
[   34.491628] systemd[1]: Listening on Journal Socket.
[[0;32m  OK  [0m] Listening on Journal Socket.
[   34.493083] systemd[1]: Listening on LVM2 poll daemon socket.
[[0;32m  OK  [0m] Listening on LVM2 poll daemon socket.
[  34948systemd[1]: Listening on udev Control Socket.
[[0;32m  OK  [0m] Listening on udev Control Socket.
[ 34001]systemd[1]: Created slice User and Session Slice.
[[0;32m  OK  [0m] Created slice User and Session Slice.
[   35.132861] systemd[1]: Listening on Syslog Socket.
[[0;32m  OK  [0m] Listening on Syslog Socket.
[   35.181854] systemd[1]: Created slice System Slice.
[[0;32m  OK  [0m] Created slice System Slice.
[ 35429]ysemd[1]: Reached target Slices.
[[0;32m  OK  [0m] Reached target Slices.
[   35.827778] systemd[1]: Mounting Debug File System...
         Mounting Debug File System...
[   35.853823] systemd[1]: Starting Set console keymap...
         Starting Set console keymap...
[   35.865502] systemd[1]: Mounting Huge Pages File System...
         Mounting Huge Pages File System...
[   35.870938] systemd[1]: Starting Uncomplicated firewall...
         Starting Uncomplicated firewall...
[   35.880699] systemd[1]: Starting Journal Service...
         Starting Journal Service...
[   35.943707] systemd[1]: Starting Load Kernel Modules...
         Starting Load Kernel Modules...
[   35.952717] systemd[1]: Starting Create list of required static device nodes for the current kernel...
         Starting Create list of required st... nodes for the current kernel...
[   35.963089] systemd[1]: Starting Remount Root and Kernel File Systems...
         Starting Remount Root and Kernel File Systems...
[   35.970084] systemd[1]: Created slice system-serial\x2dgetty.slice.
[[0;32m  OK  [0m] Created slice system-serial\x2dgetty.slice.
[   35.982231] EXT4-fs (sda1): re-mounted. Opts: (null)
[   35.999631] systemd[1]: Mounting POSIX Message Queue File System...
         Mounting POSIX Message Queue File System...
[   36.006501] systemd[1]: Starting Nameserver information manager...
         Starting Nameserver information manager...
[   36.019525] systemd[1]: Listening on udev Kernel Socket.
[[0;32m  OK  [0m] Listening on udev Kernel Socket.
[   36.028998] systemd[1]: Listening on LVM2 metadata daemon socket.
[[0;32m  OK  [0m] Listening on LVM2 metadata daemon socket.
[   36.034005] systemd[1]: Starting Monitoring of LVM2 mirrors, snapshots etc. using dmeventd or progress polling...
         Starting Monitoring of LVM2 mirrors... dmeventd or progress poll[   36.045363] Loading iSCSI transport class v2.0-870.
ing...
[   36.049919] systemd[1]: Set up automount Arbitrary Executable File Formats File System Automount Point.
[[0;32m  OK  [0m] Set up automount Arbitrary Executab...ats File System Automount Point.
[   36.091746] iscsi: registered transport (tcp)
[   3.583] systemd[1]: Mounte Debug Fe st.
[[0;32m  OK  [0m] Mounted Debug File System.
[   36.975748] systemd[1]: Mounted Huge Pages File System.
[[0;32m  OK  [0m] Mounted Huge Pages File System.
[   37.315879] systemd[1]: Mounted POSIX Message Queue File System.
[[0;32m  OK  [[   37.599282] iscsi: registered transport (iser)
0m] Mounted POSIX Message Queue File System.
[   37.851965] systemd[1]: Started Journal Service.
[[0;32m  OK  [0m] Started Journal Service.
[[0;32m  OK  [0m] Started Set console keymap.
[[0;32m  OK  [0m] Started Uncomplicated firewall.
[[0;32m  OK  [0m] Started Load Kernel Modules.
[[0;32m  OK  [0m] Started Create list of required sta...ce nodes for the current kernel.
[[0;32m  OK  [0m] Started Remount Root and Kernel File Systems.
[[0;32m  OK  [0m] Started Nameserver information manager.
[[0;32m  OK  [0m] Started LVM2 metadata daemon.
         Starting udev Coldplug all Devices...
         Starting Load/Save Random Seed...
         Starting Create Static Device Nodes in /dev...
         Starting Apply Kernel Variables...
         Mounting FUSE Control File System...
         Starting Flush Journal to Persistent Storage...
[[0;32m  OK  [0m] Mounted FUSE Control File System.
[[0;32m  OK  [0m] Started Monitoring of LVM2 mirrors,...ng dmeventd or progress polling.
[[0;32m  OK  [0m] Started Load/Save Random Seed.
[[0;32m  OK  [0m] Started Create Static Device Nodes in /dev.
[[0;32m  OK  [0m] Started Apply Kernel Variables.
[[0;32m  OK  [0m] Started udev Coldplug all Devices.
         Starting udev Kernel Device Manager...
[[0;32m  OK  [0m] Started Flush Journal to Persistent Storage.
[[0;32m  OK  [0m] Started udev Kernel Device Manager.
[[0;32m  OK  [0m] Reached target Local File Systems (Pre).
[[0;32m  OK  [0m] Reached target Local File Systems.
         Starting Commit a transient machine-id on disk...
         Starting Set console font and keymap...
         Starting LSB: AppArmor initialization...
         Starting Run snappy firstboot setup...
         Starting Initial cloud-init job (pre-networking)...
         Starting Create Volatile Files and Directories...
         Starting Tell Plymouth To Write Out Runtime Data...
[[0;32m  OK  [0m] Started Dispatch Password Requests to Console Directory Watch.
[[0;32m  OK  [0m] Started Commit a transient machine-id on disk.
[[0;32m  OK  [0m] Found device /dev/ttyS0.
[[0;32m  OK  [0m] Started Tell Plymouth To Write Out Runtime Data.
[[0;32m  OK  [0m] Listening on Load/Save RF Kill Switch Status /dev/rfkill Watch.
[[0;32m  OK  [0m] Started Create Volatile Files and Directories.
[[0;32m  OK  [0m] Reached target System Time Synchronized.
         Starting Update UTMP about System Boot/Shutdown...
[[0;32m  OK  [0m] Started Update UTMP about System Boot/Shutdown.
[[0;32m  OK  [0m] Started Run snappy firstboot setup.
[[0;32m  OK  [0m] Started LSB: AppArmor initialization.
[[0;32m  OK  [0m] Reached target System Initialization.
[[0;32m  OK  [0m] Listening on UUID daemon activation socket.
[[0;32m  OK  [0m] Started Daily apt activities.
[[0;32m  OK  [0m] Started ACPI Events Check.
[[0;32m  OK  [0m] Listening on D-Bus System Message Bus Socket.
[[0;32m  OK  [0m] Started Daily Cleanup of Temporary Directories.
[[0;32m  OK  [0m] Started Trigger resolvconf update for networkd DNS.
[[0;32m  OK  [0m] Reached target Paths.
[[0;32m  OK  [0m] Listening on ACPID Listen Socket.
         Starting LXD - unix socket.
[[0;32m  OK  [0m] Started Timer to automatically refresh installed snaps.
[[0;32m  OK  [0m] Reached target Timers.
         Starting Socket activation for snappy daemon.
[[0;32m  OK  [0m] Listening on LXD - unix socket.
[[0;32m  OK  [0m] Started Set console font and keymap.
[[0;32m  OK  [0m] Listening on Socket activation for snappy daemon.
[[0;32m  OK  [0m] Created slice system-getty.slice.
[[0;32m  OK  [0m] Reached target Sockets.
[[0;32m  OK  [0m] Reached target Basic System.
         Starting LXD - container startup/shutdown...
         Starting Login Service...
[[0;32m  OK  [0m] Started Deferred execution scheduler.
[[0;32m  OK  [0m] Started FUSE filesystem for LXC.
         Starting System Logging Service...
[[0;32m  OK  [0m] Started ACPI event daemon.
[[0;32m  OK  [0m] Started Regular background program processing daemon.
[[0;32m  OK  [0m] Started Snappy daemon.
[[0;32m  OK  [0m] Started D-Bus System Message Bus.
         Starting LSB: Record successful boot for GRUB...
         Starting LSB: MD monitoring daemon...
         Starting Accounts Service...
[[0;32m  OK  [0m] Started System Logging Service.
[[0;32m  OK  [0m] Started Login Service.
[[0;32m  OK  [0m] Started LSB: Record successful boot for GRUB.
[[0;32m  OK  [0m] Started LSB: MD monitoring daemon.
         Starting Authenticate and Authorize Users to Run Privileged Tasks...
[[0;32m  OK  [0m] Started LXD - container startup/shutdown.
[[0;32m  OK  [0m] Started Authenticate and Authorize Users to Run Privileged Tasks.
[[0;32m  OK  [0m] Started Accounts Service.
[   35.826383] cloud-init[513]: Cloud-init v. 0.7.8 running 'init-local' at Mon, 14 Nov 2016 02:29:16 +0000. Up 35.36 seconds.
[[0;32m  OK  [0m] Started Initial cloud-init job (pre-networking).
[[0;32m  OK  [0m] Reached target Network (Pre).
         Starting Raise network interfaces...
[[0;32m  OK  [0m] Started Raise network interfaces.
[[0;32m  OK  [0m] Reached target Network.
         Starting Initial cloud-init job (metadata service crawler)...
[   37.826141] cloud-init[1014]: Cloud-init v. 0.7.8 running 'init' at Mon, 14 Nov 2016 02:29:17 +0000. Up 36.69 seconds.
[[0;32m  OK  [0m] Started Initial cloud-init job (metadata service crawler).
[   37.926513] cloud-init[1014]: ci-info: ++++++++++++++++++++++++++++++++++++++Net device info++++++++++++++++++++++++++++++++++++++
[   37.967955] [[0;32m  OK  [0m] Reached target Cloud-config availability.
[[0;32m  OK  [0m] Reached target Network is Online.
cloud-init[1014]: ci-info: +--------+-------+----------------------------+---------------+-------+-------------------+
[   37.969881] cloud-init[1014]: ci-info: | Device |   Up  |          Address           |      Mask     | Scope |     Hw-Address    |
[   37.971113] cloud-init[1014]: ci-info: +--------+-------+----------------------------+---------------+-------+-------------------+
[   37.973319] cloud-init[1014]: ci-info: | enp0s8 | False |             .              |       .       |   .   | 08:00:27:b1:5f:3d |
[   37.974551] cloud-init[1014]: ci-info: | enp0s3 |  True |         10.0.2.15          | 255.255.255.0 |   .   | 02:d0:b0:43:c2:9f |
[   37.976833] cloud-init[1014]: ci-info: | enp0s3 |  True | fe80::d0:b0ff:fe43:c29f/64 |       .       |  link | 02:d0:b0:43:c2:9f |
[   37.978071] cloud-init[1014]: ci-info: |   lo   |  True |         127.0.0.1          |   255.0.0.0   |   .   |         .         |
[   37.979297] cloud-init[1014]: ci-info: |   lo   |  True |          ::1/128           |       .       |  host |         .         |
[   37.980535] cloud-init[1014]: ci-info: +--------+-------+----------------------------+---------------+-------+-------------------+
[   37.981773] cloud-init[1014]: ci-info: +++++++++++++++++++++++++++Route IPv4 info++++++++++++++++++++++++++++
[   37.984763] cloud-init[1014]: ci-info: +-------+-------------+----------+---------------+-----------+-------+
[   37.985884] cloud-init[1014]: ci-info: | Route | Destination | Gateway  |    Genmask    | Interface | Flags |
[   37.986996] cloud-init[1014]: ci-info: +-------+-------------+----------+---------------+-----------+-------+
         Starting iSCSI initiator daemon (iscsid)...
[   37.988161] cloud-init[1014]: ci-info: |   0   |   0.0.0.0   | 10.0.2.2 |    0.0.0.0    |   enp0s3  |   UG  |
[   38.164724]          cloud-initStarting Apply the settings specified in cloud-config...[1014]: 
ci-info: |   1   |   10.0.2.0  | 0.0.0.0  | 255.255.255.0 |   enp0s3  |   U   |
[   38.272630]          cloud-initStarting Pollinate to seed the pseudo random number generator...[1014]: 
ci-info: +-------+-------------+----------+---------------+-----------+-------+
         Starting /etc/rc.local Compatibility...
[   38.312990] cloud-init[1014]: Generating public/private rsa key pair.
[   38.340329] [cloud-init[0;32m  OK  [0m[1014]: ] Your identification has been saved in /etc/ssh/ssh_host_rsa_key.Started /etc/rc.local Compatibility.

[   38.340777] cloud-init[1014]: Your public key has been saved in /etc/ssh/ssh_host_rsa_key.pub.
[   38.388349] cloud-init[1014]: The key fingerprint is:
[   38.389454] cloud-init[1014]: SHA256:NE055p7jjC1/Tc/Wb4VgP3o+rNZSsSyxxxNRBl2EkjY root@ubuntu-xenial
[[0;32m  OK  [0m] Started iSCSI initiator daemon (iscsid).
[   38.442645] cloud-init[1014]: The key's randomart image is:
[   38.472942] cloud-init[1014]: +---[RSA 2048]----+
[   38.485007] cloud-init[1014]: |          .. ..**|
[   38.485174] cloud-init[1014]: |         o+ E o..|
         Starting Login to default iSCSI targets...
[   38.485272] cloud-init[1014]: |        oo.o o . |
[   38.519540] cloud-init[1014]: |       . .. + o  |
[   38.520479] cloud-init[1014]: |        S. o B = |
[   38.521408] cloud-init[1014]: |          + o % .|
[   38.522311] cloud-init[1014]: |         = . X =o|
[   38.524989] cloud-init[1014]: |        o + = * *|
[   38.527357] cloud-init[1014]: |         o.o.=.+o|
[   38.556509] cloud-init[1014]: +----[SHA256]-----+
[   38.564223] cloud-init[1014]: Generating public/private dsa key pair.
[   38.578680] cloud-init[1014]: Your identification has been saved in /etc/ssh/ssh_host_dsa_key.
[   38.600251] cloud-init[1014]: Your public key has been saved in /etc/ssh/ssh_host_dsa_key.pub.
[   38.621220] cloud-init[1014]: The key fingerprint is:
[   38.622313] cloud-init[1014]: SHA256:ww3Ec7yJBkxl8fKtynYZitsWy2S0sSqY2SSQmMtpojg root@ubuntu-xenial
[   38.624957] cloud-init[1014]: The key's randomart image is:
[   38.662959] cloud-init[1014]: +---[DSA 1024]----+
[   38.663040] cloud-init[1014]: |     o.o=o       |
[[0;32m  OK  [0m] Started Login to default iSCSI targets.
[   38.663123] cloud-init[1014]: |      ooo.o      |
[   38.781321] cloud-init[1014]: |.o     .o+.o     |
[   38.817075] cloud-init[1014]: |=      .==o.     |
[   38.817240] cloud-init[1014]: |.o.    oS+o .    |
[[0;32m  OK  [0m] Reached target Remote File Systems (Pre).
[[   38.817361] cloud-init[1014]: |o+. .   *...     |
[   38.899907] cloud-init[1014]: |=  B   * +.o     |
[   38.900190] cloud-init[1014]: |E + o oo*.o      |
[   38.900294] cloud-init[1014]: | .   ..++.       |
[   38.900384] cloud-init[1014]: +----[SHA256]-----+
[   38.900473] cloud-init[1014]: Generating public/private ecdsa key pair.
[   38.900570] cloud-init[1014]: Your identification has been saved in /etc/ssh/ssh_host_ecdsa_key.
[   38.900656] cloud-init[1014]: Your public key has been saved in /etc/ssh/ssh_host_ecdsa_key.pub.
[   38.900755] cloud-init[1014]: The key fingerprint is:
[   38.900848] cloud-init[1014]: SHA256:TT6EkhEn7cWHIwhqHjya9h1JkpA2g2nAbHRSSc3vrVg root@ubuntu-xenial
[   38.900941] cloud-init[1014]: The key's randomart image is:
[   38.901027] cloud-init[1014]: +---[ECDSA 256]---+
[   38.901116] cloud-init[1014]: |B=++=.++.. .     |
[   38.901207] cloud-init[1014]: |o@+o.o.=o.= .    |
[   38.901298] cloud-init[1014]: |+ Oo .+..ooo     |
[   38.901390] cloud-init[1014]: | = oo .o.=       |
[   38.901478] cloud-init[1014]: |o..  o. S +      |
[0;32m  OK  [0m] Reached target Remote File Systems.
[   38.901506] cloud-init[1014]: |. . . .E . .     |
[   39.191705] cloud-init[1014]: |   . .o .        |
[   39.232468] cloud-init[1014]: |     . .         |
[   39.232914] cloud-init[1014]: |                 |
         Starting Permit User Sessions...
[   39.233085] cloud-init[1014]: +----[SHA256]-----+
[   39.337544] cloud-init[1014]: Generating public/private ed25519 key pair.
[   39.337828] cloud-init[1014]: Your identification has been saved in /etc/ssh/ssh_host_ed25519_key.
[   39.337938] cloud-init[1014]: Your public key has been saved in /etc/ssh/ssh_host_ed25519_key.pub.
[   39.338051] cloud-init[1014]: The key fingerprint is:
[   39.338174] cloud-init[1014]: SHA256:6qjFeYEgfu8imutYwatHQ54/4K9nOH/K+M79hseaa/I root@ubuntu-xenial
[   39.338286] cloud-init[1014]: The key's randomart image is:
[   39.338402] cloud-init[1014]: +--[ED25519 256]--+
[   39.338533] cloud-init[1014]: |                 |
[   39.338644] cloud-init[1014]: |                 |
         Starting LSB: VirtualBox Linux Additions...
[   39.338745] cloud-init[1014]: |. .              |
[   39.465038] cloud-init[1014]: |.o.. .           |
[   39.465640] cloud-init[1014]: | +oo. . S        |
         Starting LSB: daemon to balance interrupts for SMP systems...
[   39.486450] cloud-init[1014]: |  B+.. o         |
[   39.542265] cloud-init[1014]: | oo=+.oo         |
         Starting LSB: automatic crash report generation...
[   39.542568] cloud-init[1014]: |.==*B=+.+        |
         Starting LSB: Set the CPU Frequency Scaling governor to "ondemand"...
[   39.555775] cloud-init[1014]: |O+=@@OE*.        |
[   39.595523] cloud-init[1014]: +----[SHA256]-----+
[[0;32m  OK  [0m] Started Permit User Sessions.
[   39.598126] cloud-init[1097]: Generating locales (this might take a while)...
[   39.662571] cloud-init[1097]:   en_US.UTF-8... done
         Starting Hold until boot process finishes up...
[   39.663937] cloud-init[1097]: Generation complete.
         Starting Terminate Plymouth Boot Screen...
[[0;32m  OK  [0m] Started LSB: Set the CPU Frequency Scaling governor to "ondemand".
[[0;32m  OK  [0m] Started Hold until boot process finishes up.
[[0;32m  OK  [0m] Started Terminate Plymouth Boot Screen.
[[0;32m  OK  [0m] Started LSB: daemon to balance interrupts for SMP systems.
         Starting Set console scheme...
[[0;32m  OK  [0m] Started Getty on tty1.
[[0;32m  OK  [0m] Started Serial Getty on ttyS0.
[[0;32m  OK  [0m] Reached target Login Prompts.
[[0;32m  OK  [0m] Started LSB: automatic crash report generation.
[[0;32m  OK  [0m] Started Set console scheme.
[[0;32m  OK  [0m] Started LSB: VirtualBox Linux Additions.
[[0;32m  OK  [0m] Stopped OpenBSD Secure Shell server.
         Starting OpenBSD Secure Shell server...
[[0;32m  OK  [0m] Started OpenBSD Secure Shell server.
[[0;32m  OK  [0m] Created slice User Slice of ubuntu.
         Starting User Manager for UID 1000...
[[0;32m  OK  [0m] Started Session 1 of user ubuntu.
[[0;32m  OK  [0m] Started User Manager for UID 1000.
[   41.560995] cloud-init[1097]: Cloud-init v. 0.7.8 running 'modules:config' at Mon, 14 Nov 2016 02:29:19 +0000. Up 38.22 seconds.
[[0;32m  OK  [0m] Started Apply the settings specified in cloud-config.
[[0;32m  OK  [0m] Started Session 2 of user ubuntu.
         Starting Hostname Service...
[[0;32m  OK  [0m] Started Hostname Service.

Ubuntu 16.04.1 LTS balancer ttyS0

balancer login: [[0;32m  OK  [0m] Stopped Initial cloud-init job (metadata service crawler).
         Stopping Initial cloud-init job (metadata service crawler)...
         Stopping Raise network interfaces...
[[0;32m  OK  [0m] Started Pollinate to seed the pseudo random number generator.
[[0;32m  OK  [0m] Stopped Raise network interfaces.
         Starting Raise network interfaces...
[[0;32m  OK  [0m] Started Raise network interfaces.
         Starting Initial cloud-init job (metadata service crawler)...
[   51.054607] cloud-init[2081]: Cloud-init v. 0.7.8 running 'init' at Mon, 14 Nov 2016 02:29:31 +0000. Up 50.87 seconds.
[   51.055071] cloud-init[2081]: ci-info: ++++++++++++++++++++++++++++++++++++++Net device info++++++++++++++++++++++++++++++++++++++
[   51.055155] cloud-init[2081]: ci-info: +--------+------+-----------------------------+---------------+-------+-------------------+
[   51.055225] cloud-init[2081]: ci-info: | Device |  Up  |           Address           |      Mask     | Scope |     Hw-Address    |
[   51.055291] cloud-init[2081]: ci-info: +--------+------+-----------------------------+---------------+-------+-------------------+
[   51.055357] cloud-init[2081]: ci-info: |   lo   | True |          127.0.0.1          |   255.0.0.0   |   .   |         .         |
[   51.055429] cloud-init[2081]: ci-info: |   lo   | True |           ::1/128           |       .       |  host |         .         |
[   51.055494] cloud-init[2081]: ci-info: | enp0s3 | True |          10.0.2.15          | 255.255.255.0 |   .   | 02:d0:b0:43:c2:9f |
[   51.055556] cloud-init[2081]: ci-info: | enp0s3 | True |  fe80::d0:b0ff:fe43:c29f/64 |       .       |  link | 02:d0:b0:43:c2:9f |
[   51.055617] cloud-init[2081]: ci-info: | enp0s8 | True |        192.168.200.4        | 255.255.255.0 |   .   | 08:00:27:b1:5f:3d |
[   51.055679] cloud-init[2081]: ci-info: | enp0s8 | True | fe80::a00:27ff:feb1:5f3d/64 |       .       |  link | 08:00:27:b1:5f:3d |
[   51.055740] cloud-init[2081]: ci-info: +--------+------+-----------------------------+---------------+-------+-------------------+
[   51.055803] cloud-init[2081]: ci-info: ++++++++++++++++++++++++++++Route IPv4 info+++++++++++++++++++++++++++++
[   51.055879] cloud-init[2081]: ci-info: +-------+---------------+----------+---------------+-----------+-------+
[   51.055977] cloud-init[2081]: ci-info: | Route |  Destination  | Gateway  |    Genmask    | Interface | Flags |
[   51.056056] cloud-init[2081]: ci-info: +-------+---------------+----------+---------------+-----------+-------+
[   51.056119] cloud-init[2081]: ci-info: |   0   |    0.0.0.0    | 10.0.2.2 |    0.0.0.0    |   enp0s3  |   UG  |
[   51.056181] cloud-init[2081]: ci-info: |   1   |    10.0.2.0   | 0.0.0.0  | 255.255.255.0 |   enp0s3  |   U   |
[   51.056245] cloud-init[2081]: ci-info: |   2   | 192.168.200.0 | 0.0.0.0  | 255.255.255.0 |   enp0s8  |   U   |
[   51.056309] cloud-init[2081]: ci-info: +-------+---------------+----------+---------------+-----------+-------+
[[0;32m  OK  [0m] Started Initial cloud-init job (metadata service crawler).
[[0;32m  OK  [0m] Reached target Multi-User System.
[[0;32m  OK  [0m] Reached target Graphical Interface.
         Starting Update UTMP about System Runlevel Changes...
         Starting Execute cloud user/final scripts...
         Starting Notify bootloader that boot was successful...
[[0;32m  OK  [0m] Started Update UTMP about System Runlevel Changes.
[[0;32m  OK  [0m] Started Notify bootloader that boot was successful.
ci-info: +++++Authorized keys from /home/ubuntu/.ssh/authorized_keys for user ubuntu++++++
ci-info: +---------+-------------------------------------------------+---------+---------+
ci-info: | Keytype |                Fingerprint (md5)                | Options | Comment |
ci-info: +---------+-------------------------------------------------+---------+---------+
ci-info: | ssh-rsa | ae:1a:e1:b3:1c:63:1c:fa:09:bb:17:ce:f0:d9:34:90 |    -    | vagrant |
ci-info: +---------+-------------------------------------------------+---------+---------+
<14>Nov 14 02:29:32 ec2: 
<14>Nov 14 02:29:32 ec2: #############################################################
<14>Nov 14 02:29:32 ec2: -----BEGIN SSH HOST KEY FINGERPRINTS-----
<14>Nov 14 02:29:32 ec2: 1024 SHA256:ww3Ec7yJBkxl8fKtynYZitsWy2S0sSqY2SSQmMtpojg root@ubuntu-xenial (DSA)
<14>Nov 14 02:29:32 ec2: 256 SHA256:TT6EkhEn7cWHIwhqHjya9h1JkpA2g2nAbHRSSc3vrVg root@ubuntu-xenial (ECDSA)
<14>Nov 14 02:29:32 ec2: 256 SHA256:6qjFeYEgfu8imutYwatHQ54/4K9nOH/K+M79hseaa/I root@ubuntu-xenial (ED25519)
<14>Nov 14 02:29:32 ec2: 2048 SHA256:NE055p7jjC1/Tc/Wb4VgP3o+rNZSsSyxxxNRBl2EkjY root@ubuntu-xenial (RSA)
<14>Nov 14 02:29:32 ec2: -----END SSH HOST KEY FINGERPRINTS-----
<14>Nov 14 02:29:32 ec2: #############################################################
-----BEGIN SSH HOST KEY KEYS-----
ecdsa-sha2-nistp256 AAAAE2VjZHNhLXNoYTItbmlzdHAyNTYAAAAIbmlzdHAyNTYAAABBBKGHwkPO0maoaQqr05E2VqJ4zguomXTJt3Aq+EzrhFpla1tMGqHqiMmHCSu4j5iIltMsR29/ZTurpHGtVcSEVkk= root@ubuntu-xenial
ssh-ed25519 AAAAC3NzaC1lZDI1NTE5AAAAIJJATi10qsiDB/zxmTSKSBBdPxoNy7f+VF04zjwSS+o/ root@ubuntu-xenial
ssh-rsa AAAAB3NzaC1yc2EAAAADAQABAAABAQDD9sQnSBE0CuhVSRbAul9E0lUkWS0ZMA006Cjstjspzq2So/iLhpX4eZUAXjraQZE1nsMDXruq/eI7FjmnO4d6xX6AQMcInXqJCPF5sU0bPI6vcrU7s02qwFTmX4hwQ55wFJyVhTLI10EKyWVgQjX6NvoOL8rdmEEqxFygXgpqWeZ6r91C1qm6rG6aw/6A4qRlbV0QW3322lHnvkTtRK8nSqMngOyXcm2LT1VotlxA95p/1Lkr6ZXC3deNnbFxJI4Y0VIvVlKiWLojGX48wNBwk10ph+B+dUH9b02mLUfOorHz9WJSNawCtp0Moovldgunm9czDzuGU9mQq8w0GPWx root@ubuntu-xenial
-----END SSH HOST KEY KEYS-----
[   52.369756] cloud-init[2160]: Cloud-init v. 0.7.8 running 'modules:final' at Mon, 14 Nov 2016 02:29:32 +0000. Up 51.38 seconds.
[   52.369871] cloud-init[2160]: Cloud-init v. 0.7.8 finished at Mon, 14 Nov 2016 02:29:33 +0000. Datasource DataSourceNoCloud [seed=/dev/sdb][dsmode=net].  Up 52.35 seconds
[[0;32m  OK  [0m] Started Execute cloud user/final scripts.
[[0;32m  OK  [0m] Reached target Cloud-init target.
